<?xml version="1.0" encoding="UTF-8"?>
<!-- Generated by org.testng.reporters.JUnitReportReporter -->
<testsuite hostname="REZCHIKOV" failures="0" tests="6" name="org.rntgroup.test.SingDefinitionTest" time="0.012" errors="0" timestamp="2024-02-24T01:05:11 MSK" skipped="0">
  <testcase classname="org.rntgroup.test.SingDefinitionTest" name="unitIsNegativeTest" time="0.000"/>
  <testcase classname="org.rntgroup.test.SingDefinitionTest" name="unitIsPositiveTest" time="0.003"/>
  <testcase classname="org.rntgroup.test.SingDefinitionTest" name="unitIsNegativeTest" time="0.003"/>
  <testcase classname="org.rntgroup.test.SingDefinitionTest" name="unitIsPositiveTest" time="0.001"/>
  <testcase classname="org.rntgroup.test.SingDefinitionTest" name="unitIsPositiveTest" time="0.001"/>
  <testcase classname="org.rntgroup.test.SingDefinitionTest" name="unitIsNegativeTest" time="0.004"/>
</testsuite> <!-- org.rntgroup.test.SingDefinitionTest -->
